# JRE version: Java(TM) SE Runtime Environment (23.0.1+11) (build 23.0.1+11-39)
# Java VM: Java HotSpot(TM) 64-Bit Server VM (23.0.1+11-39, mixed mode, sharing, tiered, compressed oops, compressed class ptrs, g1 gc, windows-amd64)
GC Precious Log:
 CardTable entry size: 512
 Card Set container configuration: InlinePtr #cards 4 size 8 Array Of Cards #cards 16 size 48 Howl #buckets 8 coarsen threshold 3686 Howl Bitmap #cards 512 size 80 coarsen threshold 460 Card regions per heap region 1 cards per card region 4096
 CPUs: 8 total, 8 available
 Memory: 16150M
 Large Page Support: Disabled
 NUMA Support: Disabled
 Compressed Oops: Enabled (Zero based)
 Heap Region Size: 2M
 Heap Min Capacity: 8M
 Heap Initial Capacity: 254M
 Heap Max Capacity: 4038M
 Pre-touch: Disabled
 Parallel Workers: 8
 Concurrent Workers: 2
 Concurrent Refinement Workers: 8
 Periodic GC: Disabled
Heap:
 garbage-first heap   total reserved 4134912K, committed 780288K, used 241664K [0x0000000703a00000, 0x0000000800000000)
  region size 2048K, 17 young (34816K), 17 survivors (34816K)
 Metaspace       used 14110K, committed 14400K, reserved 1114112K
  class space    used 1617K, committed 1728K, reserved 1048576K
GC Heap History (20 events):
Event: 103.757 GC heap after
{Heap after GC invocations=2 (full 0):
 garbage-first heap   total reserved 4134912K, committed 260096K, used 8310K [0x0000000703a00000, 0x0000000800000000)
  region size 2048K, 1 young (2048K), 1 survivors (2048K)
 Metaspace       used 13924K, committed 14208K, reserved 1114112K
  class space    used 1589K, committed 1728K, reserved 1048576K
}
Event: 109.261 GC heap before
{Heap before GC invocations=2 (full 0):
 garbage-first heap   total reserved 4134912K, committed 260096K, used 73846K [0x0000000703a00000, 0x0000000800000000)
  region size 2048K, 33 young (67584K), 1 survivors (2048K)
 Metaspace       used 14102K, committed 14336K, reserved 1114112K
  class space    used 1617K, committed 1728K, reserved 1048576K
}
Event: 109.270 GC heap after
{Heap after GC invocations=3 (full 0):
 garbage-first heap   total reserved 4134912K, committed 260096K, used 15547K [0x0000000703a00000, 0x0000000800000000)
  region size 2048K, 4 young (8192K), 4 survivors (8192K)
 Metaspace       used 14102K, committed 14336K, reserved 1114112K
  class space    used 1617K, committed 1728K, reserved 1048576K
}
Event: 109.311 GC heap before
{Heap before GC invocations=3 (full 0):
 garbage-first heap   total reserved 4134912K, committed 260096K, used 76987K [0x0000000703a00000, 0x0000000800000000)
  region size 2048K, 34 young (69632K), 4 survivors (8192K)
 Metaspace       used 14102K, committed 14336K, reserved 1114112K
  class space    used 1617K, committed 1728K, reserved 1048576K
}
Event: 109.326 GC heap after
{Heap after GC invocations=4 (full 0):
 garbage-first heap   total reserved 4134912K, committed 260096K, used 24843K [0x0000000703a00000, 0x0000000800000000)
  region size 2048K, 5 young (10240K), 5 survivors (10240K)
 Metaspace       used 14102K, committed 14336K, reserved 1114112K
  class space    used 1617K, committed 1728K, reserved 1048576K
}
Event: 109.397 GC heap before
{Heap before GC invocations=4 (full 0):
 garbage-first heap   total reserved 4134912K, committed 260096K, used 121099K [0x0000000703a00000, 0x0000000800000000)
  region size 2048K, 52 young (106496K), 5 survivors (10240K)
 Metaspace       used 14110K, committed 14400K, reserved 1114112K
  class space    used 1617K, committed 1728K, reserved 1048576K
}
Event: 109.420 GC heap after
{Heap after GC invocations=5 (full 0):
 garbage-first heap   total reserved 4134912K, committed 260096K, used 39596K [0x0000000703a00000, 0x0000000800000000)
  region size 2048K, 7 young (14336K), 7 survivors (14336K)
 Metaspace       used 14110K, committed 14400K, reserved 1114112K
  class space    used 1617K, committed 1728K, reserved 1048576K
}
Event: 109.467 GC heap before
{Heap before GC invocations=5 (full 0):
 garbage-first heap   total reserved 4134912K, committed 260096K, used 133804K [0x0000000703a00000, 0x0000000800000000)
  region size 2048K, 53 young (108544K), 7 survivors (14336K)
 Metaspace       used 14110K, committed 14400K, reserved 1114112K
  class space    used 1617K, committed 1728K, reserved 1048576K
}
Event: 109.493 GC heap after
{Heap after GC invocations=6 (full 0):
 garbage-first heap   total reserved 4134912K, committed 260096K, used 55008K [0x0000000703a00000, 0x0000000800000000)
  region size 2048K, 7 young (14336K), 7 survivors (14336K)
 Metaspace       used 14110K, committed 14400K, reserved 1114112K
  class space    used 1617K, committed 1728K, reserved 1048576K
}
Event: 109.577 GC heap before
{Heap before GC invocations=6 (full 0):
 garbage-first heap   total reserved 4134912K, committed 260096K, used 173792K [0x0000000703a00000, 0x0000000800000000)
  region size 2048K, 65 young (133120K), 7 survivors (14336K)
 Metaspace       used 14110K, committed 14400K, reserved 1114112K
  class space    used 1617K, committed 1728K, reserved 1048576K
}
Event: 109.630 GC heap after
{Heap after GC invocations=7 (full 0):
 garbage-first heap   total reserved 4134912K, committed 260096K, used 75776K [0x0000000703a00000, 0x0000000800000000)
  region size 2048K, 9 young (18432K), 9 survivors (18432K)
 Metaspace       used 14110K, committed 14400K, reserved 1114112K
  class space    used 1617K, committed 1728K, reserved 1048576K
}
Event: 109.684 GC heap before
{Heap before GC invocations=7 (full 0):
 garbage-first heap   total reserved 4134912K, committed 260096K, used 186368K [0x0000000703a00000, 0x0000000800000000)
  region size 2048K, 63 young (129024K), 9 survivors (18432K)
 Metaspace       used 14110K, committed 14400K, reserved 1114112K
  class space    used 1617K, committed 1728K, reserved 1048576K
}
Event: 109.737 GC heap after
{Heap after GC invocations=8 (full 0):
 garbage-first heap   total reserved 4134912K, committed 780288K, used 95159K [0x0000000703a00000, 0x0000000800000000)
  region size 2048K, 8 young (16384K), 8 survivors (16384K)
 Metaspace       used 14110K, committed 14400K, reserved 1114112K
  class space    used 1617K, committed 1728K, reserved 1048576K
}
Event: 110.128 GC heap before
{Heap before GC invocations=8 (full 0):
 garbage-first heap   total reserved 4134912K, committed 780288K, used 269239K [0x0000000703a00000, 0x0000000800000000)
  region size 2048K, 94 young (192512K), 8 survivors (16384K)
 Metaspace       used 14110K, committed 14400K, reserved 1114112K
  class space    used 1617K, committed 1728K, reserved 1048576K
}
Event: 110.171 GC heap after
{Heap after GC invocations=9 (full 0):
 garbage-first heap   total reserved 4134912K, committed 780288K, used 126582K [0x0000000703a00000, 0x0000000800000000)
  region size 2048K, 12 young (24576K), 12 survivors (24576K)
 Metaspace       used 14110K, committed 14400K, reserved 1114112K
  class space    used 1617K, committed 1728K, reserved 1048576K
}
Event: 110.256 GC heap before
{Heap before GC invocations=9 (full 0):
 garbage-first heap   total reserved 4134912K, committed 780288K, used 306806K [0x0000000703a00000, 0x0000000800000000)
  region size 2048K, 98 young (200704K), 12 survivors (24576K)
 Metaspace       used 14110K, committed 14400K, reserved 1114112K
  class space    used 1617K, committed 1728K, reserved 1048576K
}
Event: 110.302 GC heap after
{Heap after GC invocations=10 (full 0):
 garbage-first heap   total reserved 4134912K, committed 780288K, used 158699K [0x0000000703a00000, 0x0000000800000000)
  region size 2048K, 13 young (26624K), 13 survivors (26624K)
 Metaspace       used 14110K, committed 14400K, reserved 1114112K
  class space    used 1617K, committed 1728K, reserved 1048576K
}
Event: 110.425 GC heap before
{Heap before GC invocations=10 (full 0):
 garbage-first heap   total reserved 4134912K, committed 780288K, used 386027K [0x0000000703a00000, 0x0000000800000000)
  region size 2048K, 124 young (253952K), 13 survivors (26624K)
 Metaspace       used 14110K, committed 14400K, reserved 1114112K
  class space    used 1617K, committed 1728K, reserved 1048576K
}
Event: 110.483 GC heap after
{Heap after GC invocations=11 (full 0):
 garbage-first heap   total reserved 4134912K, committed 780288K, used 194560K [0x0000000703a00000, 0x0000000800000000)
  region size 2048K, 16 young (32768K), 16 survivors (32768K)
 Metaspace       used 14110K, committed 14400K, reserved 1114112K
  class space    used 1617K, committed 1728K, reserved 1048576K
}
Event: 110.599 GC heap before
{Heap before GC invocations=11 (full 0):
 garbage-first heap   total reserved 4134912K, committed 780288K, used 440320K [0x0000000703a00000, 0x0000000800000000)
  region size 2048K, 132 young (270336K), 16 survivors (32768K)
 Metaspace       used 14110K, committed 14400K, reserved 1114112K
  class space    used 1617K, committed 1728K, reserved 1048576K
}

